<?xml version="1.0" encoding="UTF-8"?>
<!-- Generated by org.testng.reporters.JUnitReportReporter -->
<testsuite skipped="0" hostname="LAPTOP-4JLOV31H" name="test.testngs_my_store" tests="2" failures="0" timestamp="2021-10-01T23:41:49 BOT" time="0.042" errors="0">
  <testcase name="web_title_check" time="0.007" classname="test.testngs_my_store"/>
  <system-out/>
  <testcase name="signUp" time="0.035" classname="test.testngs_my_store"/>
  <system-out/>
</testsuite> <!-- test.testngs_my_store -->
